Using pre-set license
Built from '2021.3/staging' branch; Version is '2021.3.20f1 (577897200b8b) revision 5732503'; Using compiler version '192829333'; Build Type 'Release'
OS: 'Windows 10  (10.0.19045) 64bit Core' Language: 'en' Physical Memory: 16339 MB
BatchMode: 1, IsHumanControllingUs: 0, StartBugReporterOnCrash: 0, Is64bit: 1, IsPro: 1

COMMAND LINE ARGUMENTS:
E:\Unity Editor Install\2021.3.20f1\Editor\Unity.exe
-adb2
-batchMode
-noUpm
-name
AssetImportWorker0
-projectPath
G:/Local Git/Retro3D-test
-logFile
Logs/AssetImportWorker0.log
-srvPort
55316
Successfully changed project path to: G:/Local Git/Retro3D-test
G:/Local Git/Retro3D-test
[UnityMemory] Configuration Parameters - Can be set up in boot.config
    "memorysetup-bucket-allocator-granularity=16"
    "memorysetup-bucket-allocator-bucket-count=8"
    "memorysetup-bucket-allocator-block-size=33554432"
    "memorysetup-bucket-allocator-block-count=8"
    "memorysetup-main-allocator-block-size=16777216"
    "memorysetup-thread-allocator-block-size=16777216"
    "memorysetup-gfx-main-allocator-block-size=16777216"
    "memorysetup-gfx-thread-allocator-block-size=16777216"
    "memorysetup-cache-allocator-block-size=4194304"
    "memorysetup-typetree-allocator-block-size=2097152"
    "memorysetup-profiler-bucket-allocator-granularity=16"
    "memorysetup-profiler-bucket-allocator-bucket-count=8"
    "memorysetup-profiler-bucket-allocator-block-size=33554432"
    "memorysetup-profiler-bucket-allocator-block-count=8"
    "memorysetup-profiler-allocator-block-size=16777216"
    "memorysetup-profiler-editor-allocator-block-size=1048576"
    "memorysetup-temp-allocator-size-main=16777216"
    "memorysetup-job-temp-allocator-block-size=2097152"
    "memorysetup-job-temp-allocator-block-size-background=1048576"
    "memorysetup-job-temp-allocator-reduction-small-platforms=262144"
    "memorysetup-temp-allocator-size-background-worker=32768"
    "memorysetup-temp-allocator-size-job-worker=262144"
    "memorysetup-temp-allocator-size-preload-manager=33554432"
    "memorysetup-temp-allocator-size-nav-mesh-worker=65536"
    "memorysetup-temp-allocator-size-audio-worker=65536"
    "memorysetup-temp-allocator-size-cloud-worker=32768"
    "memorysetup-temp-allocator-size-gi-baking-worker=262144"
    "memorysetup-temp-allocator-size-gfx=262144"
Player connection [18508] Host "[IP] 172.16.22.252 [Port] 0 [Flags] 2 [Guid] 1495430174 [EditorId] 1495430174 [Version] 1048832 [Id] WindowsEditor(7,DESKTOP-51HBI65) [Debug] 1 [PackageName] WindowsEditor [ProjectName] Editor" joined multi-casting on [225.0.0.222:54997]...

Player connection [18508] Host "[IP] 172.16.22.252 [Port] 0 [Flags] 2 [Guid] 1495430174 [EditorId] 1495430174 [Version] 1048832 [Id] WindowsEditor(7,DESKTOP-51HBI65) [Debug] 1 [PackageName] WindowsEditor [ProjectName] Editor" joined alternative multi-casting on [225.0.0.222:34997]...

Refreshing native plugins compatible for Editor in 81.58 ms, found 3 plugins.
Preloading 0 native plugins for Editor in 0.00 ms.
Initialize engine version: 2021.3.20f1 (577897200b8b)
[Subsystems] Discovering subsystems at path E:/Unity Editor Install/2021.3.20f1/Editor/Data/Resources/UnitySubsystems
[Subsystems] Discovering subsystems at path G:/Local Git/Retro3D-test/Assets
GfxDevice: creating device client; threaded=0; jobified=0
Direct3D:
    Version:  Direct3D 11.0 [level 11.1]
    Renderer: NVIDIA GeForce GTX 1060 6GB (ID=0x1c03)
    Vendor:   NVIDIA
    VRAM:     6043 MB
    Driver:   31.0.15.3623
Initialize mono
Mono path[0] = 'E:/Unity Editor Install/2021.3.20f1/Editor/Data/Managed'
Mono path[1] = 'E:/Unity Editor Install/2021.3.20f1/Editor/Data/MonoBleedingEdge/lib/mono/unityjit-win32'
Mono config path = 'E:/Unity Editor Install/2021.3.20f1/Editor/Data/MonoBleedingEdge/etc'
Using monoOptions --debugger-agent=transport=dt_socket,embedding=1,server=y,suspend=n,address=127.0.0.1:56356
Begin MonoManager ReloadAssembly
Registering precompiled unity dll's ...
Register platform support module: E:/Unity Editor Install/2021.3.20f1/Editor/Data/PlaybackEngines/WindowsStandaloneSupport/UnityEditor.WindowsStandalone.Extensions.dll
Registered in 0.003693 seconds.
Native extension for WindowsStandalone target not found
Refreshing native plugins compatible for Editor in 81.73 ms, found 3 plugins.
Preloading 0 native plugins for Editor in 0.00 ms.
Mono: successfully reloaded assembly
- Completed reload, in  0.991 seconds
Domain Reload Profiling:
	ReloadAssembly (992ms)
		BeginReloadAssembly (172ms)
			ExecutionOrderSort (0ms)
			DisableScriptedObjects (0ms)
			BackupInstance (0ms)
			ReleaseScriptingObjects (0ms)
			CreateAndSetChildDomain (2ms)
		EndReloadAssembly (690ms)
			LoadAssemblies (169ms)
			RebuildTransferFunctionScriptingTraits (0ms)
			SetupTypeCache (152ms)
			ReleaseScriptCaches (0ms)
			RebuildScriptCaches (38ms)
			SetupLoadedEditorAssemblies (431ms)
				LogAssemblyErrors (0ms)
				InitializePlatformSupportModulesInManaged (9ms)
				SetLoadedEditorAssemblies (0ms)
				RefreshPlugins (82ms)
				BeforeProcessingInitializeOnLoad (2ms)
				ProcessInitializeOnLoadAttributes (220ms)
				ProcessInitializeOnLoadMethodAttributes (118ms)
				AfterProcessingInitializeOnLoad (0ms)
				EditorAssembliesLoaded (0ms)
			ExecutionOrderSort2 (0ms)
			AwakeInstancesAfterBackupRestoration (0ms)
Platform modules already initialized, skipping
Registering precompiled user dll's ...
Registered in 0.007489 seconds.
Begin MonoManager ReloadAssembly
Symbol file LoadedFromMemory doesn't match image G:\Local Git\Retro3D-test\Library\PackageCache\com.unity.visualscripting@1.8.0\Editor\VisualScripting.Core\Dependencies\YamlDotNet\Unity.VisualScripting.YamlDotNet.dll
Symbol file LoadedFromMemory doesn't match image G:\Local Git\Retro3D-test\Library\PackageCache\com.unity.visualscripting@1.8.0\Editor\VisualScripting.Core\Dependencies\DotNetZip\Unity.VisualScripting.IonicZip.dll
Native extension for WindowsStandalone target not found
Refreshing native plugins compatible for Editor in 1.16 ms, found 3 plugins.
Preloading 0 native plugins for Editor in 0.00 ms.
Mono: successfully reloaded assembly
- Completed reload, in  1.465 seconds
Domain Reload Profiling:
	ReloadAssembly (1466ms)
		BeginReloadAssembly (177ms)
			ExecutionOrderSort (0ms)
			DisableScriptedObjects (8ms)
			BackupInstance (0ms)
			ReleaseScriptingObjects (0ms)
			CreateAndSetChildDomain (26ms)
		EndReloadAssembly (1140ms)
			LoadAssemblies (120ms)
			RebuildTransferFunctionScriptingTraits (0ms)
			SetupTypeCache (412ms)
			ReleaseScriptCaches (1ms)
			RebuildScriptCaches (81ms)
			SetupLoadedEditorAssemblies (416ms)
				LogAssemblyErrors (0ms)
				InitializePlatformSupportModulesInManaged (6ms)
				SetLoadedEditorAssemblies (1ms)
				RefreshPlugins (1ms)
				BeforeProcessingInitializeOnLoad (89ms)
				ProcessInitializeOnLoadAttributes (287ms)
				ProcessInitializeOnLoadMethodAttributes (25ms)
				AfterProcessingInitializeOnLoad (6ms)
				EditorAssembliesLoaded (0ms)
			ExecutionOrderSort2 (0ms)
			AwakeInstancesAfterBackupRestoration (9ms)
Platform modules already initialized, skipping
========================================================================
Worker process is ready to serve import requests
Launched and connected shader compiler UnityShaderCompiler.exe after 0.09 seconds
Refreshing native plugins compatible for Editor in 0.99 ms, found 3 plugins.
Preloading 0 native plugins for Editor in 0.00 ms.
Unloading 2920 Unused Serialized files (Serialized files now loaded: 0)
Unloading 21 unused Assets / (56.5 KB). Loaded Objects now: 3383.
Memory consumption went from 103.0 MB to 103.0 MB.
Total: 5.177700 ms (FindLiveObjects: 0.421000 ms CreateObjectMapping: 0.139500 ms MarkObjects: 4.488700 ms  DeleteObjects: 0.126900 ms)

AssetImportParameters requested are different than current active one (requested -> active):
  custom:video-decoder-ogg-theora: a1e56fd34408186e4bbccfd4996cb3dc -> 
  custom:container-muxer-webm: aa71ff27fc2769a1b78a27578f13a17b -> 
  custom:container-demuxer-webm: 4f35f7cbe854078d1ac9338744f61a02 -> 
  custom:video-encoder-webm-vp8: eb34c28f22e8b96e1ab97ce403110664 -> 
  custom:audio-encoder-webm-vorbis: bf7c407c2cedff20999df2af8eb42d56 -> 
  custom:framework-win-MediaFoundation: 216162199b28c13a410421893ffa2e32 -> 
  custom:container-demuxer-ogg: 62fdf1f143b41e24485cea50d1cbac27 -> 
  custom:video-decoder-webm-vp8: 9c59270c3fd7afecdb556c50c9e8de78 -> 
  custom:audio-decoder-ogg-vorbis: bf7c407c2cedff20999df2af8eb42d56 -> 
========================================================================
Received Import Request.
  Time since last request: 8711.391879 seconds.
  path: Assets/Test/Test.unity
  artifactKey: Guid(92ad5791c152d4f3998baabc2738085f) Importer(815301076,1909f56bfc062723c751e8b465ee728b)
Start importing Assets/Test/Test.unity using Guid(92ad5791c152d4f3998baabc2738085f) Importer(815301076,1909f56bfc062723c751e8b465ee728b)  -> (artifact id: '29dd6a7de1d6518d5722ed7b5f776a51') in 0.027865 seconds 
========================================================================
Received Prepare
Registering precompiled user dll's ...
Registered in 0.009003 seconds.
Begin MonoManager ReloadAssembly
Symbol file LoadedFromMemory doesn't match image G:\Local Git\Retro3D-test\Library\PackageCache\com.unity.visualscripting@1.8.0\Editor\VisualScripting.Core\Dependencies\YamlDotNet\Unity.VisualScripting.YamlDotNet.dll
Symbol file LoadedFromMemory doesn't match image G:\Local Git\Retro3D-test\Library\PackageCache\com.unity.visualscripting@1.8.0\Editor\VisualScripting.Core\Dependencies\DotNetZip\Unity.VisualScripting.IonicZip.dll
Native extension for WindowsStandalone target not found
Refreshing native plugins compatible for Editor in 0.64 ms, found 3 plugins.
Preloading 0 native plugins for Editor in 0.00 ms.
Mono: successfully reloaded assembly
- Completed reload, in  1.365 seconds
Domain Reload Profiling:
	ReloadAssembly (1366ms)
		BeginReloadAssembly (169ms)
			ExecutionOrderSort (0ms)
			DisableScriptedObjects (8ms)
			BackupInstance (0ms)
			ReleaseScriptingObjects (0ms)
			CreateAndSetChildDomain (39ms)
		EndReloadAssembly (1077ms)
			LoadAssemblies (112ms)
			RebuildTransferFunctionScriptingTraits (0ms)
			SetupTypeCache (361ms)
			ReleaseScriptCaches (2ms)
			RebuildScriptCaches (97ms)
			SetupLoadedEditorAssemblies (412ms)
				LogAssemblyErrors (0ms)
				InitializePlatformSupportModulesInManaged (8ms)
				SetLoadedEditorAssemblies (1ms)
				RefreshPlugins (1ms)
				BeforeProcessingInitializeOnLoad (79ms)
				ProcessInitializeOnLoadAttributes (293ms)
				ProcessInitializeOnLoadMethodAttributes (27ms)
				AfterProcessingInitializeOnLoad (4ms)
				EditorAssembliesLoaded (0ms)
			ExecutionOrderSort2 (0ms)
			AwakeInstancesAfterBackupRestoration (9ms)
Platform modules already initialized, skipping
Refreshing native plugins compatible for Editor in 2.75 ms, found 3 plugins.
Preloading 0 native plugins for Editor in 0.00 ms.
Unloading 2913 Unused Serialized files (Serialized files now loaded: 0)
Unloading 14 unused Assets / (24.6 KB). Loaded Objects now: 3386.
Memory consumption went from 102.7 MB to 102.7 MB.
Total: 3.722600 ms (FindLiveObjects: 0.297000 ms CreateObjectMapping: 0.074000 ms MarkObjects: 3.321000 ms  DeleteObjects: 0.029300 ms)

AssetImportParameters requested are different than current active one (requested -> active):
  custom:video-decoder-ogg-theora: a1e56fd34408186e4bbccfd4996cb3dc -> 
  custom:container-muxer-webm: aa71ff27fc2769a1b78a27578f13a17b -> 
  custom:container-demuxer-webm: 4f35f7cbe854078d1ac9338744f61a02 -> 
  custom:video-encoder-webm-vp8: eb34c28f22e8b96e1ab97ce403110664 -> 
  custom:audio-encoder-webm-vorbis: bf7c407c2cedff20999df2af8eb42d56 -> 
  custom:framework-win-MediaFoundation: 216162199b28c13a410421893ffa2e32 -> 
  custom:container-demuxer-ogg: 62fdf1f143b41e24485cea50d1cbac27 -> 
  custom:video-decoder-webm-vp8: 9c59270c3fd7afecdb556c50c9e8de78 -> 
  custom:audio-decoder-ogg-vorbis: bf7c407c2cedff20999df2af8eb42d56 -> 
========================================================================
Received Import Request.
  Time since last request: 43.108258 seconds.
  path: Assets/Test/Textures/grass1TGA.tga
  artifactKey: Guid(38e66fed982134437bb89f958f7cd4af) Importer(815301076,1909f56bfc062723c751e8b465ee728b)
Start importing Assets/Test/Textures/grass1TGA.tga using Guid(38e66fed982134437bb89f958f7cd4af) Importer(815301076,1909f56bfc062723c751e8b465ee728b)  -> (artifact id: '1de593c5d60a71147edf091923c0a6b7') in 0.099887 seconds 
========================================================================
Received Import Request.
  Time since last request: 3.959312 seconds.
  path: Assets/Test/Textures/penelopeTGA.tga
  artifactKey: Guid(e87fc657132bb4234a9a18ac0dfe36ca) Importer(815301076,1909f56bfc062723c751e8b465ee728b)
Start importing Assets/Test/Textures/penelopeTGA.tga using Guid(e87fc657132bb4234a9a18ac0dfe36ca) Importer(815301076,1909f56bfc062723c751e8b465ee728b)  -> (artifact id: 'ab316d4c52ad637692cbd4b48a913782') in 0.021212 seconds 
========================================================================
Received Import Request.
  Time since last request: 20.923050 seconds.
  path: Assets/Test/Objects
  artifactKey: Guid(54bbfe176948d460c8c2d964c16eee46) Importer(815301076,1909f56bfc062723c751e8b465ee728b)
Start importing Assets/Test/Objects using Guid(54bbfe176948d460c8c2d964c16eee46) Importer(815301076,1909f56bfc062723c751e8b465ee728b)  -> (artifact id: 'cd327aaea680768dcef9536d1722512f') in 0.013743 seconds 
========================================================================
Received Import Request.
  Time since last request: 0.038644 seconds.
  path: Assets/Test/Objects/penelopeFBX.fbx
  artifactKey: Guid(e07487a3ebfb84a3b984d64790b354b6) Importer(815301076,1909f56bfc062723c751e8b465ee728b)
Start importing Assets/Test/Objects/penelopeFBX.fbx using Guid(e07487a3ebfb84a3b984d64790b354b6) Importer(815301076,1909f56bfc062723c751e8b465ee728b)  -> (artifact id: '6be319d5458e37976eb1b3cc25c1a8d9') in 0.496233 seconds 
========================================================================
Received Prepare
Registering precompiled user dll's ...
Registered in 0.006733 seconds.
Begin MonoManager ReloadAssembly
Symbol file LoadedFromMemory doesn't match image G:\Local Git\Retro3D-test\Library\PackageCache\com.unity.visualscripting@1.8.0\Editor\VisualScripting.Core\Dependencies\YamlDotNet\Unity.VisualScripting.YamlDotNet.dll
Symbol file LoadedFromMemory doesn't match image G:\Local Git\Retro3D-test\Library\PackageCache\com.unity.visualscripting@1.8.0\Editor\VisualScripting.Core\Dependencies\DotNetZip\Unity.VisualScripting.IonicZip.dll
Native extension for WindowsStandalone target not found
Refreshing native plugins compatible for Editor in 0.65 ms, found 3 plugins.
Preloading 0 native plugins for Editor in 0.00 ms.
Mono: successfully reloaded assembly
- Completed reload, in  1.168 seconds
Domain Reload Profiling:
	ReloadAssembly (1169ms)
		BeginReloadAssembly (168ms)
			ExecutionOrderSort (0ms)
			DisableScriptedObjects (6ms)
			BackupInstance (0ms)
			ReleaseScriptingObjects (0ms)
			CreateAndSetChildDomain (43ms)
		EndReloadAssembly (890ms)
			LoadAssemblies (109ms)
			RebuildTransferFunctionScriptingTraits (0ms)
			SetupTypeCache (302ms)
			ReleaseScriptCaches (1ms)
			RebuildScriptCaches (51ms)
			SetupLoadedEditorAssemblies (386ms)
				LogAssemblyErrors (0ms)
				InitializePlatformSupportModulesInManaged (6ms)
				SetLoadedEditorAssemblies (1ms)
				RefreshPlugins (1ms)
				BeforeProcessingInitializeOnLoad (73ms)
				ProcessInitializeOnLoadAttributes (270ms)
				ProcessInitializeOnLoadMethodAttributes (32ms)
				AfterProcessingInitializeOnLoad (4ms)
				EditorAssembliesLoaded (0ms)
			ExecutionOrderSort2 (0ms)
			AwakeInstancesAfterBackupRestoration (8ms)
Platform modules already initialized, skipping
Refreshing native plugins compatible for Editor in 2.24 ms, found 3 plugins.
Preloading 0 native plugins for Editor in 0.00 ms.
Unloading 2913 Unused Serialized files (Serialized files now loaded: 0)
Unloading 14 unused Assets / (24.8 KB). Loaded Objects now: 3402.
Memory consumption went from 107.4 MB to 107.3 MB.
Total: 4.212200 ms (FindLiveObjects: 0.291800 ms CreateObjectMapping: 0.079900 ms MarkObjects: 3.806800 ms  DeleteObjects: 0.032000 ms)

AssetImportParameters requested are different than current active one (requested -> active):
  custom:video-decoder-ogg-theora: a1e56fd34408186e4bbccfd4996cb3dc -> 
  custom:container-muxer-webm: aa71ff27fc2769a1b78a27578f13a17b -> 
  custom:container-demuxer-webm: 4f35f7cbe854078d1ac9338744f61a02 -> 
  custom:video-encoder-webm-vp8: eb34c28f22e8b96e1ab97ce403110664 -> 
  custom:audio-encoder-webm-vorbis: bf7c407c2cedff20999df2af8eb42d56 -> 
  custom:framework-win-MediaFoundation: 216162199b28c13a410421893ffa2e32 -> 
  custom:container-demuxer-ogg: 62fdf1f143b41e24485cea50d1cbac27 -> 
  custom:video-decoder-webm-vp8: 9c59270c3fd7afecdb556c50c9e8de78 -> 
  custom:audio-decoder-ogg-vorbis: bf7c407c2cedff20999df2af8eb42d56 -> 
========================================================================
Received Import Request.
  Time since last request: 72.126207 seconds.
  path: Assets/Test/Animations/Penelope.controller
  artifactKey: Guid(7a548e89506224c53960ad2cfa5cbd8c) Importer(815301076,1909f56bfc062723c751e8b465ee728b)
Start importing Assets/Test/Animations/Penelope.controller using Guid(7a548e89506224c53960ad2cfa5cbd8c) Importer(815301076,1909f56bfc062723c751e8b465ee728b)  -> (artifact id: '0a9e3dc760bb4297b317b2fd43a29f50') in 0.030660 seconds 
========================================================================
Received Prepare
Registering precompiled user dll's ...
Registered in 0.008255 seconds.
Begin MonoManager ReloadAssembly
Symbol file LoadedFromMemory doesn't match image G:\Local Git\Retro3D-test\Library\PackageCache\com.unity.visualscripting@1.8.0\Editor\VisualScripting.Core\Dependencies\YamlDotNet\Unity.VisualScripting.YamlDotNet.dll
Symbol file LoadedFromMemory doesn't match image G:\Local Git\Retro3D-test\Library\PackageCache\com.unity.visualscripting@1.8.0\Editor\VisualScripting.Core\Dependencies\DotNetZip\Unity.VisualScripting.IonicZip.dll
Native extension for WindowsStandalone target not found
Refreshing native plugins compatible for Editor in 0.82 ms, found 3 plugins.
Preloading 0 native plugins for Editor in 0.00 ms.
Mono: successfully reloaded assembly
- Completed reload, in  1.428 seconds
Domain Reload Profiling:
	ReloadAssembly (1429ms)
		BeginReloadAssembly (173ms)
			ExecutionOrderSort (0ms)
			DisableScriptedObjects (9ms)
			BackupInstance (0ms)
			ReleaseScriptingObjects (0ms)
			CreateAndSetChildDomain (41ms)
		EndReloadAssembly (1107ms)
			LoadAssemblies (109ms)
			RebuildTransferFunctionScriptingTraits (0ms)
			SetupTypeCache (440ms)
			ReleaseScriptCaches (1ms)
			RebuildScriptCaches (66ms)
			SetupLoadedEditorAssemblies (439ms)
				LogAssemblyErrors (0ms)
				InitializePlatformSupportModulesInManaged (6ms)
				SetLoadedEditorAssemblies (1ms)
				RefreshPlugins (1ms)
				BeforeProcessingInitializeOnLoad (74ms)
				ProcessInitializeOnLoadAttributes (321ms)
				ProcessInitializeOnLoadMethodAttributes (30ms)
				AfterProcessingInitializeOnLoad (6ms)
				EditorAssembliesLoaded (0ms)
			ExecutionOrderSort2 (0ms)
			AwakeInstancesAfterBackupRestoration (11ms)
Platform modules already initialized, skipping
Refreshing native plugins compatible for Editor in 2.15 ms, found 3 plugins.
Preloading 0 native plugins for Editor in 0.00 ms.
Unloading 2913 Unused Serialized files (Serialized files now loaded: 0)
Unloading 14 unused Assets / (24.6 KB). Loaded Objects now: 3405.
Memory consumption went from 107.4 MB to 107.4 MB.
Total: 4.023300 ms (FindLiveObjects: 0.659200 ms CreateObjectMapping: 0.103300 ms MarkObjects: 3.232600 ms  DeleteObjects: 0.026800 ms)

AssetImportParameters requested are different than current active one (requested -> active):
  custom:video-decoder-ogg-theora: a1e56fd34408186e4bbccfd4996cb3dc -> 
  custom:container-muxer-webm: aa71ff27fc2769a1b78a27578f13a17b -> 
  custom:container-demuxer-webm: 4f35f7cbe854078d1ac9338744f61a02 -> 
  custom:video-encoder-webm-vp8: eb34c28f22e8b96e1ab97ce403110664 -> 
  custom:audio-encoder-webm-vorbis: bf7c407c2cedff20999df2af8eb42d56 -> 
  custom:framework-win-MediaFoundation: 216162199b28c13a410421893ffa2e32 -> 
  custom:container-demuxer-ogg: 62fdf1f143b41e24485cea50d1cbac27 -> 
  custom:video-decoder-webm-vp8: 9c59270c3fd7afecdb556c50c9e8de78 -> 
  custom:audio-decoder-ogg-vorbis: bf7c407c2cedff20999df2af8eb42d56 -> 
========================================================================
Received Import Request.
  Time since last request: 309.468222 seconds.
  path: Assets/Retro3D/Low Res Screen.mat
  artifactKey: Guid(1d683db45474347b3b4626fbbe0126c6) Importer(815301076,1909f56bfc062723c751e8b465ee728b)
Start importing Assets/Retro3D/Low Res Screen.mat using Guid(1d683db45474347b3b4626fbbe0126c6) Importer(815301076,1909f56bfc062723c751e8b465ee728b)  -> (artifact id: '2668403337e81150b5d06b9ec9a78446') in 0.123254 seconds 
========================================================================
Received Import Request.
  Time since last request: 3.362552 seconds.
  path: Assets/Retro3D
  artifactKey: Guid(dc6828736fff5435e8142163f2b9455f) Importer(815301076,1909f56bfc062723c751e8b465ee728b)
Start importing Assets/Retro3D using Guid(dc6828736fff5435e8142163f2b9455f) Importer(815301076,1909f56bfc062723c751e8b465ee728b)  -> (artifact id: '8cefabf9139187aa946a764d021143f3') in 0.011860 seconds 
========================================================================
Received Prepare
Registering precompiled user dll's ...
Registered in 0.006530 seconds.
Begin MonoManager ReloadAssembly
Symbol file LoadedFromMemory doesn't match image G:\Local Git\Retro3D-test\Library\PackageCache\com.unity.visualscripting@1.8.0\Editor\VisualScripting.Core\Dependencies\YamlDotNet\Unity.VisualScripting.YamlDotNet.dll
Symbol file LoadedFromMemory doesn't match image G:\Local Git\Retro3D-test\Library\PackageCache\com.unity.visualscripting@1.8.0\Editor\VisualScripting.Core\Dependencies\DotNetZip\Unity.VisualScripting.IonicZip.dll
Native extension for WindowsStandalone target not found
Refreshing native plugins compatible for Editor in 1.01 ms, found 3 plugins.
Preloading 0 native plugins for Editor in 0.00 ms.
Mono: successfully reloaded assembly
- Completed reload, in  1.150 seconds
Domain Reload Profiling:
	ReloadAssembly (1151ms)
		BeginReloadAssembly (163ms)
			ExecutionOrderSort (0ms)
			DisableScriptedObjects (7ms)
			BackupInstance (0ms)
			ReleaseScriptingObjects (0ms)
			CreateAndSetChildDomain (35ms)
		EndReloadAssembly (854ms)
			LoadAssemblies (108ms)
			RebuildTransferFunctionScriptingTraits (0ms)
			SetupTypeCache (278ms)
			ReleaseScriptCaches (2ms)
			RebuildScriptCaches (49ms)
			SetupLoadedEditorAssemblies (373ms)
				LogAssemblyErrors (0ms)
				InitializePlatformSupportModulesInManaged (6ms)
				SetLoadedEditorAssemblies (1ms)
				RefreshPlugins (1ms)
				BeforeProcessingInitializeOnLoad (67ms)
				ProcessInitializeOnLoadAttributes (266ms)
				ProcessInitializeOnLoadMethodAttributes (26ms)
				AfterProcessingInitializeOnLoad (4ms)
				EditorAssembliesLoaded (0ms)
			ExecutionOrderSort2 (0ms)
			AwakeInstancesAfterBackupRestoration (7ms)
Platform modules already initialized, skipping
Refreshing native plugins compatible for Editor in 1.70 ms, found 3 plugins.
Preloading 0 native plugins for Editor in 0.00 ms.
Unloading 2913 Unused Serialized files (Serialized files now loaded: 0)
Unloading 14 unused Assets / (24.6 KB). Loaded Objects now: 3442.
Memory consumption went from 107.6 MB to 107.6 MB.
Total: 3.346400 ms (FindLiveObjects: 0.292700 ms CreateObjectMapping: 0.073000 ms MarkObjects: 2.957400 ms  DeleteObjects: 0.022300 ms)

AssetImportParameters requested are different than current active one (requested -> active):
  custom:video-decoder-ogg-theora: a1e56fd34408186e4bbccfd4996cb3dc -> 
  custom:container-muxer-webm: aa71ff27fc2769a1b78a27578f13a17b -> 
  custom:container-demuxer-webm: 4f35f7cbe854078d1ac9338744f61a02 -> 
  custom:video-encoder-webm-vp8: eb34c28f22e8b96e1ab97ce403110664 -> 
  custom:audio-encoder-webm-vorbis: bf7c407c2cedff20999df2af8eb42d56 -> 
  custom:framework-win-MediaFoundation: 216162199b28c13a410421893ffa2e32 -> 
  custom:container-demuxer-ogg: 62fdf1f143b41e24485cea50d1cbac27 -> 
  custom:video-decoder-webm-vp8: 9c59270c3fd7afecdb556c50c9e8de78 -> 
  custom:audio-decoder-ogg-vorbis: bf7c407c2cedff20999df2af8eb42d56 -> 
========================================================================
Received Prepare
Registering precompiled user dll's ...
Registered in 0.006326 seconds.
Begin MonoManager ReloadAssembly
Symbol file LoadedFromMemory doesn't match image G:\Local Git\Retro3D-test\Library\PackageCache\com.unity.visualscripting@1.8.0\Editor\VisualScripting.Core\Dependencies\YamlDotNet\Unity.VisualScripting.YamlDotNet.dll
Symbol file LoadedFromMemory doesn't match image G:\Local Git\Retro3D-test\Library\PackageCache\com.unity.visualscripting@1.8.0\Editor\VisualScripting.Core\Dependencies\DotNetZip\Unity.VisualScripting.IonicZip.dll
Native extension for WindowsStandalone target not found
Refreshing native plugins compatible for Editor in 0.69 ms, found 3 plugins.
Preloading 0 native plugins for Editor in 0.00 ms.
Mono: successfully reloaded assembly
- Completed reload, in  1.135 seconds
Domain Reload Profiling:
	ReloadAssembly (1136ms)
		BeginReloadAssembly (168ms)
			ExecutionOrderSort (0ms)
			DisableScriptedObjects (10ms)
			BackupInstance (0ms)
			ReleaseScriptingObjects (0ms)
			CreateAndSetChildDomain (38ms)
		EndReloadAssembly (858ms)
			LoadAssemblies (109ms)
			RebuildTransferFunctionScriptingTraits (0ms)
			SetupTypeCache (278ms)
			ReleaseScriptCaches (1ms)
			RebuildScriptCaches (47ms)
			SetupLoadedEditorAssemblies (392ms)
				LogAssemblyErrors (0ms)
				InitializePlatformSupportModulesInManaged (6ms)
				SetLoadedEditorAssemblies (1ms)
				RefreshPlugins (1ms)
				BeforeProcessingInitializeOnLoad (77ms)
				ProcessInitializeOnLoadAttributes (279ms)
				ProcessInitializeOnLoadMethodAttributes (25ms)
				AfterProcessingInitializeOnLoad (4ms)
				EditorAssembliesLoaded (0ms)
			ExecutionOrderSort2 (0ms)
			AwakeInstancesAfterBackupRestoration (8ms)
Platform modules already initialized, skipping
Refreshing native plugins compatible for Editor in 2.46 ms, found 3 plugins.
Preloading 0 native plugins for Editor in 0.00 ms.
Unloading 2913 Unused Serialized files (Serialized files now loaded: 0)
Unloading 14 unused Assets / (24.6 KB). Loaded Objects now: 3445.
Memory consumption went from 107.6 MB to 107.6 MB.
Total: 4.576400 ms (FindLiveObjects: 0.296500 ms CreateObjectMapping: 0.080200 ms MarkObjects: 4.160800 ms  DeleteObjects: 0.037100 ms)

AssetImportParameters requested are different than current active one (requested -> active):
  custom:video-decoder-ogg-theora: a1e56fd34408186e4bbccfd4996cb3dc -> 
  custom:container-muxer-webm: aa71ff27fc2769a1b78a27578f13a17b -> 
  custom:container-demuxer-webm: 4f35f7cbe854078d1ac9338744f61a02 -> 
  custom:video-encoder-webm-vp8: eb34c28f22e8b96e1ab97ce403110664 -> 
  custom:audio-encoder-webm-vorbis: bf7c407c2cedff20999df2af8eb42d56 -> 
  custom:framework-win-MediaFoundation: 216162199b28c13a410421893ffa2e32 -> 
  custom:container-demuxer-ogg: 62fdf1f143b41e24485cea50d1cbac27 -> 
  custom:video-decoder-webm-vp8: 9c59270c3fd7afecdb556c50c9e8de78 -> 
  custom:audio-decoder-ogg-vorbis: bf7c407c2cedff20999df2af8eb42d56 -> 
========================================================================
Received Import Request.
  Time since last request: 113.221704 seconds.
  path: Assets/Retro3D/Retro3D Unlit.shader
  artifactKey: Guid(d639b14081ee3497ab61c634d1cc0f1a) Importer(815301076,1909f56bfc062723c751e8b465ee728b)
Start importing Assets/Retro3D/Retro3D Unlit.shader using Guid(d639b14081ee3497ab61c634d1cc0f1a) Importer(815301076,1909f56bfc062723c751e8b465ee728b)  -> (artifact id: '915608edf2b9e8fbbba65fd9589e6e35') in 0.034551 seconds 
========================================================================
Received Import Request.
  Time since last request: 70.339591 seconds.
  path: Assets/Test/Animations
  artifactKey: Guid(7d73928e3f9d64a2081b81f82358373a) Importer(815301076,1909f56bfc062723c751e8b465ee728b)
Start importing Assets/Test/Animations using Guid(7d73928e3f9d64a2081b81f82358373a) Importer(815301076,1909f56bfc062723c751e8b465ee728b)  -> (artifact id: '6bfbd638cf29add8caae678b8a3bf843') in 0.013284 seconds 
========================================================================
Received Import Request.
  Time since last request: 1.135622 seconds.
  path: Assets/Test/Animations/Camera Pivot.controller
  artifactKey: Guid(e7152f27537714524833058c685cf9e6) Importer(815301076,1909f56bfc062723c751e8b465ee728b)
Start importing Assets/Test/Animations/Camera Pivot.controller using Guid(e7152f27537714524833058c685cf9e6) Importer(815301076,1909f56bfc062723c751e8b465ee728b)  -> (artifact id: 'b5bddf94815c0809de378875205a4d1b') in 0.028132 seconds 
========================================================================
Received Import Request.
  Time since last request: 3.858744 seconds.
  path: Assets/Test/Animations/Camera Pivot.anim
  artifactKey: Guid(1baa03d846b1348c0873dfdb4c13ce7c) Importer(815301076,1909f56bfc062723c751e8b465ee728b)
Start importing Assets/Test/Animations/Camera Pivot.anim using Guid(1baa03d846b1348c0873dfdb4c13ce7c) Importer(815301076,1909f56bfc062723c751e8b465ee728b)  -> (artifact id: '502b5baa3c41b4ec348f7307a3342c24') in 0.024349 seconds 
========================================================================
Received Import Request.
  Time since last request: 4.933101 seconds.
  path: Assets/Test/ScreenRecorder.cs
  artifactKey: Guid(6497b78fa6d1f48d8bc57dfd4de64a19) Importer(815301076,1909f56bfc062723c751e8b465ee728b)
Start importing Assets/Test/ScreenRecorder.cs using Guid(6497b78fa6d1f48d8bc57dfd4de64a19) Importer(815301076,1909f56bfc062723c751e8b465ee728b)  -> (artifact id: 'a90c6c513e281d99a4bd58bd63fe790f') in 0.020731 seconds 
========================================================================
Received Import Request.
  Time since last request: 26.300836 seconds.
  path: Assets/Test/Textures
  artifactKey: Guid(cda9c9ab2cd15964686418b12b78a8ea) Importer(815301076,1909f56bfc062723c751e8b465ee728b)
Start importing Assets/Test/Textures using Guid(cda9c9ab2cd15964686418b12b78a8ea) Importer(815301076,1909f56bfc062723c751e8b465ee728b)  -> (artifact id: 'd88fc36f1d977dcd156705924a29a0e9') in 0.012271 seconds 
========================================================================
Received Import Request.
  Time since last request: 105.395978 seconds.
  path: Assets/Test/Textures/iso bean.png
  artifactKey: Guid(d7a255f13caa65841b9eb995d356acdb) Importer(815301076,1909f56bfc062723c751e8b465ee728b)
Start importing Assets/Test/Textures/iso bean.png using Guid(d7a255f13caa65841b9eb995d356acdb) Importer(815301076,1909f56bfc062723c751e8b465ee728b)  -> (artifact id: '989534002a40e63bfe2af21eba792821') in 0.050412 seconds 
========================================================================
Received Import Request.
  Time since last request: 22.080068 seconds.
  path: Assets/Test/Textures/iso bean.png
  artifactKey: Guid(d7a255f13caa65841b9eb995d356acdb) Importer(815301076,1909f56bfc062723c751e8b465ee728b)
Start importing Assets/Test/Textures/iso bean.png using Guid(d7a255f13caa65841b9eb995d356acdb) Importer(815301076,1909f56bfc062723c751e8b465ee728b)  -> (artifact id: 'e03fc309ab18f0e5918cc24095bc7e6b') in 0.046236 seconds 
========================================================================
Received Import Request.
  Time since last request: 74.282192 seconds.
  path: Assets/Test/Textures/iso bean.png
  artifactKey: Guid(d7a255f13caa65841b9eb995d356acdb) Importer(815301076,1909f56bfc062723c751e8b465ee728b)
Start importing Assets/Test/Textures/iso bean.png using Guid(d7a255f13caa65841b9eb995d356acdb) Importer(815301076,1909f56bfc062723c751e8b465ee728b)  -> (artifact id: 'e74d28f3160d51b0765639931853c4eb') in 0.015148 seconds 
========================================================================
Received Import Request.
  Time since last request: 9.423754 seconds.
  path: Assets/Test/Textures/iso bean.png
  artifactKey: Guid(d7a255f13caa65841b9eb995d356acdb) Importer(815301076,1909f56bfc062723c751e8b465ee728b)
Start importing Assets/Test/Textures/iso bean.png using Guid(d7a255f13caa65841b9eb995d356acdb) Importer(815301076,1909f56bfc062723c751e8b465ee728b)  -> (artifact id: 'fde39c03d4b2a6901f356a67b3bd0ded') in 0.013560 seconds 
========================================================================
Received Import Request.
  Time since last request: 12.010415 seconds.
  path: Assets/Test/Textures/iso bean.png
  artifactKey: Guid(d7a255f13caa65841b9eb995d356acdb) Importer(815301076,1909f56bfc062723c751e8b465ee728b)
Start importing Assets/Test/Textures/iso bean.png using Guid(d7a255f13caa65841b9eb995d356acdb) Importer(815301076,1909f56bfc062723c751e8b465ee728b)  -> (artifact id: 'ffbac6561f29ea21020002471128a4c4') in 0.010405 seconds 
========================================================================
Received Import Request.
  Time since last request: 6.172502 seconds.
  path: Assets/Test/Textures/iso bean.png
  artifactKey: Guid(d7a255f13caa65841b9eb995d356acdb) Importer(815301076,1909f56bfc062723c751e8b465ee728b)
Start importing Assets/Test/Textures/iso bean.png using Guid(d7a255f13caa65841b9eb995d356acdb) Importer(815301076,1909f56bfc062723c751e8b465ee728b)  -> (artifact id: '2dfedf2ab14ac7851648da06bf74afe5') in 0.012305 seconds 
========================================================================
Received Import Request.
  Time since last request: 33.299407 seconds.
  path: Assets/Test/Textures/test mat.mat
  artifactKey: Guid(7a71133472265954d8cf7d00eb34171c) Importer(815301076,1909f56bfc062723c751e8b465ee728b)
Start importing Assets/Test/Textures/test mat.mat using Guid(7a71133472265954d8cf7d00eb34171c) Importer(815301076,1909f56bfc062723c751e8b465ee728b)  -> (artifact id: '98b729f203abf0f49c56a13a0e10dbaf') in 0.053776 seconds 
========================================================================
Received Prepare
Registering precompiled user dll's ...
Registered in 0.007529 seconds.
Begin MonoManager ReloadAssembly
Symbol file LoadedFromMemory doesn't match image G:\Local Git\Retro3D-test\Library\PackageCache\com.unity.visualscripting@1.8.0\Editor\VisualScripting.Core\Dependencies\YamlDotNet\Unity.VisualScripting.YamlDotNet.dll
Symbol file LoadedFromMemory doesn't match image G:\Local Git\Retro3D-test\Library\PackageCache\com.unity.visualscripting@1.8.0\Editor\VisualScripting.Core\Dependencies\DotNetZip\Unity.VisualScripting.IonicZip.dll
Native extension for WindowsStandalone target not found
Refreshing native plugins compatible for Editor in 0.94 ms, found 3 plugins.
Preloading 0 native plugins for Editor in 0.00 ms.
Mono: successfully reloaded assembly
- Completed reload, in  1.238 seconds
Domain Reload Profiling:
	ReloadAssembly (1238ms)
		BeginReloadAssembly (179ms)
			ExecutionOrderSort (0ms)
			DisableScriptedObjects (6ms)
			BackupInstance (0ms)
			ReleaseScriptingObjects (0ms)
			CreateAndSetChildDomain (43ms)
		EndReloadAssembly (928ms)
			LoadAssemblies (121ms)
			RebuildTransferFunctionScriptingTraits (0ms)
			SetupTypeCache (293ms)
			ReleaseScriptCaches (2ms)
			RebuildScriptCaches (57ms)
			SetupLoadedEditorAssemblies (412ms)
				LogAssemblyErrors (0ms)
				InitializePlatformSupportModulesInManaged (8ms)
				SetLoadedEditorAssemblies (1ms)
				RefreshPlugins (1ms)
				BeforeProcessingInitializeOnLoad (83ms)
				ProcessInitializeOnLoadAttributes (286ms)
				ProcessInitializeOnLoadMethodAttributes (29ms)
				AfterProcessingInitializeOnLoad (4ms)
				EditorAssembliesLoaded (0ms)
			ExecutionOrderSort2 (0ms)
			AwakeInstancesAfterBackupRestoration (8ms)
Platform modules already initialized, skipping
Refreshing native plugins compatible for Editor in 2.42 ms, found 3 plugins.
Preloading 0 native plugins for Editor in 0.00 ms.
Unloading 2913 Unused Serialized files (Serialized files now loaded: 0)
Unloading 14 unused Assets / (24.6 KB). Loaded Objects now: 3450.
Memory consumption went from 107.7 MB to 107.7 MB.
Total: 4.113900 ms (FindLiveObjects: 0.333300 ms CreateObjectMapping: 0.077600 ms MarkObjects: 3.661400 ms  DeleteObjects: 0.040300 ms)

AssetImportParameters requested are different than current active one (requested -> active):
  custom:video-decoder-ogg-theora: a1e56fd34408186e4bbccfd4996cb3dc -> 
  custom:container-muxer-webm: aa71ff27fc2769a1b78a27578f13a17b -> 
  custom:container-demuxer-webm: 4f35f7cbe854078d1ac9338744f61a02 -> 
  custom:video-encoder-webm-vp8: eb34c28f22e8b96e1ab97ce403110664 -> 
  custom:audio-encoder-webm-vorbis: bf7c407c2cedff20999df2af8eb42d56 -> 
  custom:framework-win-MediaFoundation: 216162199b28c13a410421893ffa2e32 -> 
  custom:container-demuxer-ogg: 62fdf1f143b41e24485cea50d1cbac27 -> 
  custom:video-decoder-webm-vp8: 9c59270c3fd7afecdb556c50c9e8de78 -> 
  custom:audio-decoder-ogg-vorbis: bf7c407c2cedff20999df2af8eb42d56 -> 
========================================================================
Received Import Request.
  Time since last request: 148.622134 seconds.
  path: Assets/Test/Textures/iso bean.png
  artifactKey: Guid(d7a255f13caa65841b9eb995d356acdb) Importer(815301076,1909f56bfc062723c751e8b465ee728b)
Start importing Assets/Test/Textures/iso bean.png using Guid(d7a255f13caa65841b9eb995d356acdb) Importer(815301076,1909f56bfc062723c751e8b465ee728b)  -> (artifact id: '328413580c38c296230dc2043cef89ae') in 0.073401 seconds 
========================================================================
Received Import Request.
  Time since last request: 163.785638 seconds.
  path: Assets/Test/Textures/iso aaabean.tga
  artifactKey: Guid(8114b1c23d246b3478b713f2656327ae) Importer(815301076,1909f56bfc062723c751e8b465ee728b)
Start importing Assets/Test/Textures/iso aaabean.tga using Guid(8114b1c23d246b3478b713f2656327ae) Importer(815301076,1909f56bfc062723c751e8b465ee728b)  -> (artifact id: 'e64723385159749aeed157b85e727cc7') in 0.021067 seconds 
========================================================================
Received Import Request.
  Time since last request: 18.569659 seconds.
  path: Assets/Test/Textures/iso bean.png
  artifactKey: Guid(d7a255f13caa65841b9eb995d356acdb) Importer(815301076,1909f56bfc062723c751e8b465ee728b)
Start importing Assets/Test/Textures/iso bean.png using Guid(d7a255f13caa65841b9eb995d356acdb) Importer(815301076,1909f56bfc062723c751e8b465ee728b)  -> (artifact id: '7173f816426c9d6e7737fc44fa6e0898') in 0.027345 seconds 
========================================================================
Received Import Request.
  Time since last request: 16.546076 seconds.
  path: Assets/Test/Textures/iso aaabean.tga
  artifactKey: Guid(8114b1c23d246b3478b713f2656327ae) Importer(815301076,1909f56bfc062723c751e8b465ee728b)
Start importing Assets/Test/Textures/iso aaabean.tga using Guid(8114b1c23d246b3478b713f2656327ae) Importer(815301076,1909f56bfc062723c751e8b465ee728b)  -> (artifact id: '49c7d4483d0f4ca52f790b3d0e39f2d5') in 0.020853 seconds 
========================================================================
Received Import Request.
  Time since last request: 6.266062 seconds.
  path: Assets/Test/Textures/iso aaabean.tga
  artifactKey: Guid(8114b1c23d246b3478b713f2656327ae) Importer(815301076,1909f56bfc062723c751e8b465ee728b)
Start importing Assets/Test/Textures/iso aaabean.tga using Guid(8114b1c23d246b3478b713f2656327ae) Importer(815301076,1909f56bfc062723c751e8b465ee728b)  -> (artifact id: 'd70573dc7af6481c340159bb50a6be4f') in 0.020647 seconds 
========================================================================
Received Import Request.
  Time since last request: 7.949716 seconds.
  path: Assets/Test/Textures/iso aaabean.tga
  artifactKey: Guid(8114b1c23d246b3478b713f2656327ae) Importer(815301076,1909f56bfc062723c751e8b465ee728b)
Start importing Assets/Test/Textures/iso aaabean.tga using Guid(8114b1c23d246b3478b713f2656327ae) Importer(815301076,1909f56bfc062723c751e8b465ee728b)  -> (artifact id: 'b7f4f7b150d1388b7dbd20e112a20ccb') in 0.013500 seconds 
========================================================================
Received Import Request.
  Time since last request: 7.707363 seconds.
  path: Assets/Test/Textures/iso aaabean.tga
  artifactKey: Guid(8114b1c23d246b3478b713f2656327ae) Importer(815301076,1909f56bfc062723c751e8b465ee728b)
Start importing Assets/Test/Textures/iso aaabean.tga using Guid(8114b1c23d246b3478b713f2656327ae) Importer(815301076,1909f56bfc062723c751e8b465ee728b)  -> (artifact id: '41dc96455786c56b0fc66e9601ce1ec7') in 0.013344 seconds 
========================================================================
Received Import Request.
  Time since last request: 4.815621 seconds.
  path: Assets/Test/Textures/iso aaabean.tga
  artifactKey: Guid(8114b1c23d246b3478b713f2656327ae) Importer(815301076,1909f56bfc062723c751e8b465ee728b)
Start importing Assets/Test/Textures/iso aaabean.tga using Guid(8114b1c23d246b3478b713f2656327ae) Importer(815301076,1909f56bfc062723c751e8b465ee728b)  -> (artifact id: '9242dee1c57edd47ff579cdc621b5033') in 0.014634 seconds 
========================================================================
Received Import Request.
  Time since last request: 3.212485 seconds.
  path: Assets/Test/Textures/iso aaabean.tga
  artifactKey: Guid(8114b1c23d246b3478b713f2656327ae) Importer(815301076,1909f56bfc062723c751e8b465ee728b)
Start importing Assets/Test/Textures/iso aaabean.tga using Guid(8114b1c23d246b3478b713f2656327ae) Importer(815301076,1909f56bfc062723c751e8b465ee728b)  -> (artifact id: 'c4b401e2011bb92b2659f80a7e3e4dd7') in 0.016008 seconds 
========================================================================
Received Prepare
Registering precompiled user dll's ...
Registered in 0.006506 seconds.
Begin MonoManager ReloadAssembly
Symbol file LoadedFromMemory doesn't match image G:\Local Git\Retro3D-test\Library\PackageCache\com.unity.visualscripting@1.8.0\Editor\VisualScripting.Core\Dependencies\YamlDotNet\Unity.VisualScripting.YamlDotNet.dll
Symbol file LoadedFromMemory doesn't match image G:\Local Git\Retro3D-test\Library\PackageCache\com.unity.visualscripting@1.8.0\Editor\VisualScripting.Core\Dependencies\DotNetZip\Unity.VisualScripting.IonicZip.dll
Native extension for WindowsStandalone target not found
Refreshing native plugins compatible for Editor in 0.59 ms, found 3 plugins.
Preloading 0 native plugins for Editor in 0.00 ms.
Mono: successfully reloaded assembly
- Completed reload, in  1.137 seconds
Domain Reload Profiling:
	ReloadAssembly (1138ms)
		BeginReloadAssembly (158ms)
			ExecutionOrderSort (0ms)
			DisableScriptedObjects (7ms)
			BackupInstance (0ms)
			ReleaseScriptingObjects (0ms)
			CreateAndSetChildDomain (37ms)
		EndReloadAssembly (867ms)
			LoadAssemblies (102ms)
			RebuildTransferFunctionScriptingTraits (0ms)
			SetupTypeCache (284ms)
			ReleaseScriptCaches (2ms)
			RebuildScriptCaches (51ms)
			SetupLoadedEditorAssemblies (382ms)
				LogAssemblyErrors (0ms)
				InitializePlatformSupportModulesInManaged (6ms)
				SetLoadedEditorAssemblies (1ms)
				RefreshPlugins (1ms)
				BeforeProcessingInitializeOnLoad (67ms)
				ProcessInitializeOnLoadAttributes (273ms)
				ProcessInitializeOnLoadMethodAttributes (30ms)
				AfterProcessingInitializeOnLoad (4ms)
				EditorAssembliesLoaded (0ms)
			ExecutionOrderSort2 (0ms)
			AwakeInstancesAfterBackupRestoration (10ms)
Platform modules already initialized, skipping
Refreshing native plugins compatible for Editor in 2.20 ms, found 3 plugins.
Preloading 0 native plugins for Editor in 0.00 ms.
Unloading 2913 Unused Serialized files (Serialized files now loaded: 0)
Unloading 14 unused Assets / (24.7 KB). Loaded Objects now: 3459.
Memory consumption went from 107.7 MB to 107.7 MB.
Total: 5.390200 ms (FindLiveObjects: 0.303100 ms CreateObjectMapping: 0.078600 ms MarkObjects: 4.968500 ms  DeleteObjects: 0.038600 ms)

AssetImportParameters requested are different than current active one (requested -> active):
  custom:video-decoder-ogg-theora: a1e56fd34408186e4bbccfd4996cb3dc -> 
  custom:container-muxer-webm: aa71ff27fc2769a1b78a27578f13a17b -> 
  custom:container-demuxer-webm: 4f35f7cbe854078d1ac9338744f61a02 -> 
  custom:video-encoder-webm-vp8: eb34c28f22e8b96e1ab97ce403110664 -> 
  custom:audio-encoder-webm-vorbis: bf7c407c2cedff20999df2af8eb42d56 -> 
  custom:framework-win-MediaFoundation: 216162199b28c13a410421893ffa2e32 -> 
  custom:container-demuxer-ogg: 62fdf1f143b41e24485cea50d1cbac27 -> 
  custom:video-decoder-webm-vp8: 9c59270c3fd7afecdb556c50c9e8de78 -> 
  custom:audio-decoder-ogg-vorbis: bf7c407c2cedff20999df2af8eb42d56 -> 
========================================================================
Received Import Request.
  Time since last request: 62.400497 seconds.
  path: Assets/Test/Materials
  artifactKey: Guid(cff8f40b9d80444e2bc10dfae17a9b34) Importer(815301076,1909f56bfc062723c751e8b465ee728b)
Start importing Assets/Test/Materials using Guid(cff8f40b9d80444e2bc10dfae17a9b34) Importer(815301076,1909f56bfc062723c751e8b465ee728b)  -> (artifact id: '95c77a6a7dedb67d003427cec960954e') in 0.021409 seconds 
========================================================================
Received Import Request.
  Time since last request: 0.040262 seconds.
  path: Assets/Test/Materials/grass1TGA.mat
  artifactKey: Guid(df8fcead5048b4c42ad5202521fbe502) Importer(815301076,1909f56bfc062723c751e8b465ee728b)
Start importing Assets/Test/Materials/grass1TGA.mat using Guid(df8fcead5048b4c42ad5202521fbe502) Importer(815301076,1909f56bfc062723c751e8b465ee728b)  -> (artifact id: '67c236dcf4efde5a6225da9206fd3a81') in 0.095985 seconds 
========================================================================
Received Import Request.
  Time since last request: 0.000026 seconds.
  path: Assets/Test/Materials/iso aaabean.mat
  artifactKey: Guid(7410125810af3714e967e91b9b238788) Importer(815301076,1909f56bfc062723c751e8b465ee728b)
Start importing Assets/Test/Materials/iso aaabean.mat using Guid(7410125810af3714e967e91b9b238788) Importer(815301076,1909f56bfc062723c751e8b465ee728b)  -> (artifact id: '00e528f5aab09b8425ddba34762aed7d') in 0.017400 seconds 
========================================================================
Received Prepare
Registering precompiled user dll's ...
Registered in 0.008737 seconds.
Begin MonoManager ReloadAssembly
Symbol file LoadedFromMemory doesn't match image G:\Local Git\Retro3D-test\Library\PackageCache\com.unity.visualscripting@1.8.0\Editor\VisualScripting.Core\Dependencies\YamlDotNet\Unity.VisualScripting.YamlDotNet.dll
Symbol file LoadedFromMemory doesn't match image G:\Local Git\Retro3D-test\Library\PackageCache\com.unity.visualscripting@1.8.0\Editor\VisualScripting.Core\Dependencies\DotNetZip\Unity.VisualScripting.IonicZip.dll
Native extension for WindowsStandalone target not found
Refreshing native plugins compatible for Editor in 0.62 ms, found 3 plugins.
Preloading 0 native plugins for Editor in 0.00 ms.
Mono: successfully reloaded assembly
- Completed reload, in  1.154 seconds
Domain Reload Profiling:
	ReloadAssembly (1155ms)
		BeginReloadAssembly (161ms)
			ExecutionOrderSort (0ms)
			DisableScriptedObjects (6ms)
			BackupInstance (0ms)
			ReleaseScriptingObjects (0ms)
			CreateAndSetChildDomain (41ms)
		EndReloadAssembly (870ms)
			LoadAssemblies (103ms)
			RebuildTransferFunctionScriptingTraits (0ms)
			SetupTypeCache (259ms)
			ReleaseScriptCaches (1ms)
			RebuildScriptCaches (57ms)
			SetupLoadedEditorAssemblies (403ms)
				LogAssemblyErrors (0ms)
				InitializePlatformSupportModulesInManaged (7ms)
				SetLoadedEditorAssemblies (1ms)
				RefreshPlugins (1ms)
				BeforeProcessingInitializeOnLoad (74ms)
				ProcessInitializeOnLoadAttributes (286ms)
				ProcessInitializeOnLoadMethodAttributes (31ms)
				AfterProcessingInitializeOnLoad (5ms)
				EditorAssembliesLoaded (0ms)
			ExecutionOrderSort2 (0ms)
			AwakeInstancesAfterBackupRestoration (10ms)
Platform modules already initialized, skipping
Refreshing native plugins compatible for Editor in 2.20 ms, found 3 plugins.
Preloading 0 native plugins for Editor in 0.00 ms.
Unloading 2913 Unused Serialized files (Serialized files now loaded: 0)
Unloading 14 unused Assets / (24.7 KB). Loaded Objects now: 3462.
Memory consumption went from 107.7 MB to 107.7 MB.
Total: 3.857000 ms (FindLiveObjects: 0.307200 ms CreateObjectMapping: 0.075900 ms MarkObjects: 3.442800 ms  DeleteObjects: 0.029700 ms)

AssetImportParameters requested are different than current active one (requested -> active):
  custom:video-decoder-ogg-theora: a1e56fd34408186e4bbccfd4996cb3dc -> 
  custom:container-muxer-webm: aa71ff27fc2769a1b78a27578f13a17b -> 
  custom:container-demuxer-webm: 4f35f7cbe854078d1ac9338744f61a02 -> 
  custom:video-encoder-webm-vp8: eb34c28f22e8b96e1ab97ce403110664 -> 
  custom:audio-encoder-webm-vorbis: bf7c407c2cedff20999df2af8eb42d56 -> 
  custom:framework-win-MediaFoundation: 216162199b28c13a410421893ffa2e32 -> 
  custom:container-demuxer-ogg: 62fdf1f143b41e24485cea50d1cbac27 -> 
  custom:video-decoder-webm-vp8: 9c59270c3fd7afecdb556c50c9e8de78 -> 
  custom:audio-decoder-ogg-vorbis: bf7c407c2cedff20999df2af8eb42d56 -> 
========================================================================
Received Import Request.
  Time since last request: 140.870955 seconds.
  path: Assets/Test/Materials/unnamed.jpg
  artifactKey: Guid(d013f4b229782bd49ac2c25438945f36) Importer(815301076,1909f56bfc062723c751e8b465ee728b)
Start importing Assets/Test/Materials/unnamed.jpg using Guid(d013f4b229782bd49ac2c25438945f36) Importer(815301076,1909f56bfc062723c751e8b465ee728b)  -> (artifact id: '597970a49f23e2c30c77a2bf980abcfa') in 0.073688 seconds 
========================================================================
Received Prepare
Registering precompiled user dll's ...
Registered in 0.008937 seconds.
Begin MonoManager ReloadAssembly
Symbol file LoadedFromMemory doesn't match image G:\Local Git\Retro3D-test\Library\PackageCache\com.unity.visualscripting@1.8.0\Editor\VisualScripting.Core\Dependencies\YamlDotNet\Unity.VisualScripting.YamlDotNet.dll
Symbol file LoadedFromMemory doesn't match image G:\Local Git\Retro3D-test\Library\PackageCache\com.unity.visualscripting@1.8.0\Editor\VisualScripting.Core\Dependencies\DotNetZip\Unity.VisualScripting.IonicZip.dll
Native extension for WindowsStandalone target not found
Refreshing native plugins compatible for Editor in 0.72 ms, found 3 plugins.
Preloading 0 native plugins for Editor in 0.00 ms.
Mono: successfully reloaded assembly
- Completed reload, in  1.284 seconds
Domain Reload Profiling:
	ReloadAssembly (1284ms)
		BeginReloadAssembly (176ms)
			ExecutionOrderSort (0ms)
			DisableScriptedObjects (9ms)
			BackupInstance (0ms)
			ReleaseScriptingObjects (0ms)
			CreateAndSetChildDomain (46ms)
		EndReloadAssembly (968ms)
			LoadAssemblies (110ms)
			RebuildTransferFunctionScriptingTraits (0ms)
			SetupTypeCache (291ms)
			ReleaseScriptCaches (2ms)
			RebuildScriptCaches (47ms)
			SetupLoadedEditorAssemblies (466ms)
				LogAssemblyErrors (0ms)
				InitializePlatformSupportModulesInManaged (8ms)
				SetLoadedEditorAssemblies (1ms)
				RefreshPlugins (1ms)
				BeforeProcessingInitializeOnLoad (74ms)
				ProcessInitializeOnLoadAttributes (344ms)
				ProcessInitializeOnLoadMethodAttributes (32ms)
				AfterProcessingInitializeOnLoad (6ms)
				EditorAssembliesLoaded (0ms)
			ExecutionOrderSort2 (0ms)
			AwakeInstancesAfterBackupRestoration (12ms)
Platform modules already initialized, skipping
Refreshing native plugins compatible for Editor in 1.69 ms, found 3 plugins.
Preloading 0 native plugins for Editor in 0.00 ms.
Unloading 2913 Unused Serialized files (Serialized files now loaded: 0)
Unloading 14 unused Assets / (24.6 KB). Loaded Objects now: 3465.
Memory consumption went from 107.7 MB to 107.7 MB.
Total: 3.164500 ms (FindLiveObjects: 0.289500 ms CreateObjectMapping: 0.076300 ms MarkObjects: 2.774000 ms  DeleteObjects: 0.023600 ms)

AssetImportParameters requested are different than current active one (requested -> active):
  custom:video-decoder-ogg-theora: a1e56fd34408186e4bbccfd4996cb3dc -> 
  custom:container-muxer-webm: aa71ff27fc2769a1b78a27578f13a17b -> 
  custom:container-demuxer-webm: 4f35f7cbe854078d1ac9338744f61a02 -> 
  custom:video-encoder-webm-vp8: eb34c28f22e8b96e1ab97ce403110664 -> 
  custom:audio-encoder-webm-vorbis: bf7c407c2cedff20999df2af8eb42d56 -> 
  custom:framework-win-MediaFoundation: 216162199b28c13a410421893ffa2e32 -> 
  custom:container-demuxer-ogg: 62fdf1f143b41e24485cea50d1cbac27 -> 
  custom:video-decoder-webm-vp8: 9c59270c3fd7afecdb556c50c9e8de78 -> 
  custom:audio-decoder-ogg-vorbis: bf7c407c2cedff20999df2af8eb42d56 -> 
========================================================================
Received Import Request.
  Time since last request: 46.734130 seconds.
  path: Assets/Test/Materials/unnamed.jpg
  artifactKey: Guid(d013f4b229782bd49ac2c25438945f36) Importer(815301076,1909f56bfc062723c751e8b465ee728b)
Start importing Assets/Test/Materials/unnamed.jpg using Guid(d013f4b229782bd49ac2c25438945f36) Importer(815301076,1909f56bfc062723c751e8b465ee728b)  -> (artifact id: 'e7c098ce3aa265b309c05f39e4f47474') in 0.061106 seconds 
========================================================================
Received Import Request.
  Time since last request: 44.330103 seconds.
  path: Assets/Test/Textures/iso bean.png
  artifactKey: Guid(d7a255f13caa65841b9eb995d356acdb) Importer(815301076,1909f56bfc062723c751e8b465ee728b)
Start importing Assets/Test/Textures/iso bean.png using Guid(d7a255f13caa65841b9eb995d356acdb) Importer(815301076,1909f56bfc062723c751e8b465ee728b)  -> (artifact id: 'a1456ccb887639bbea9fe421544cc027') in 0.032265 seconds 
========================================================================
Received Prepare
Registering precompiled user dll's ...
Registered in 0.007274 seconds.
Begin MonoManager ReloadAssembly
Symbol file LoadedFromMemory doesn't match image G:\Local Git\Retro3D-test\Library\PackageCache\com.unity.visualscripting@1.8.0\Editor\VisualScripting.Core\Dependencies\YamlDotNet\Unity.VisualScripting.YamlDotNet.dll
Symbol file LoadedFromMemory doesn't match image G:\Local Git\Retro3D-test\Library\PackageCache\com.unity.visualscripting@1.8.0\Editor\VisualScripting.Core\Dependencies\DotNetZip\Unity.VisualScripting.IonicZip.dll
Native extension for WindowsStandalone target not found
Refreshing native plugins compatible for Editor in 0.67 ms, found 3 plugins.
Preloading 0 native plugins for Editor in 0.00 ms.
Mono: successfully reloaded assembly
- Completed reload, in  1.157 seconds
Domain Reload Profiling:
	ReloadAssembly (1158ms)
		BeginReloadAssembly (159ms)
			ExecutionOrderSort (0ms)
			DisableScriptedObjects (7ms)
			BackupInstance (0ms)
			ReleaseScriptingObjects (0ms)
			CreateAndSetChildDomain (38ms)
		EndReloadAssembly (874ms)
			LoadAssemblies (100ms)
			RebuildTransferFunctionScriptingTraits (0ms)
			SetupTypeCache (280ms)
			ReleaseScriptCaches (2ms)
			RebuildScriptCaches (53ms)
			SetupLoadedEditorAssemblies (389ms)
				LogAssemblyErrors (0ms)
				InitializePlatformSupportModulesInManaged (6ms)
				SetLoadedEditorAssemblies (1ms)
				RefreshPlugins (1ms)
				BeforeProcessingInitializeOnLoad (69ms)
				ProcessInitializeOnLoadAttributes (279ms)
				ProcessInitializeOnLoadMethodAttributes (27ms)
				AfterProcessingInitializeOnLoad (6ms)
				EditorAssembliesLoaded (0ms)
			ExecutionOrderSort2 (0ms)
			AwakeInstancesAfterBackupRestoration (9ms)
Platform modules already initialized, skipping
Refreshing native plugins compatible for Editor in 2.34 ms, found 3 plugins.
Preloading 0 native plugins for Editor in 0.00 ms.
Unloading 2913 Unused Serialized files (Serialized files now loaded: 0)
Unloading 14 unused Assets / (24.6 KB). Loaded Objects now: 3468.
Memory consumption went from 107.7 MB to 107.7 MB.
Total: 3.621400 ms (FindLiveObjects: 0.303900 ms CreateObjectMapping: 0.083200 ms MarkObjects: 3.206000 ms  DeleteObjects: 0.027000 ms)

AssetImportParameters requested are different than current active one (requested -> active):
  custom:video-decoder-ogg-theora: a1e56fd34408186e4bbccfd4996cb3dc -> 
  custom:container-muxer-webm: aa71ff27fc2769a1b78a27578f13a17b -> 
  custom:container-demuxer-webm: 4f35f7cbe854078d1ac9338744f61a02 -> 
  custom:video-encoder-webm-vp8: eb34c28f22e8b96e1ab97ce403110664 -> 
  custom:audio-encoder-webm-vorbis: bf7c407c2cedff20999df2af8eb42d56 -> 
  custom:framework-win-MediaFoundation: 216162199b28c13a410421893ffa2e32 -> 
  custom:container-demuxer-ogg: 62fdf1f143b41e24485cea50d1cbac27 -> 
  custom:video-decoder-webm-vp8: 9c59270c3fd7afecdb556c50c9e8de78 -> 
  custom:audio-decoder-ogg-vorbis: bf7c407c2cedff20999df2af8eb42d56 -> 
========================================================================
Received Import Request.
  Time since last request: 2299.527624 seconds.
  path: Assets/Retro3D/Screen Camera.prefab
  artifactKey: Guid(adb7fb52452dc9d40a7964bb11c251ae) Importer(815301076,1909f56bfc062723c751e8b465ee728b)
Start importing Assets/Retro3D/Screen Camera.prefab using Guid(adb7fb52452dc9d40a7964bb11c251ae) Importer(815301076,1909f56bfc062723c751e8b465ee728b)  -> (artifact id: 'a33b3a1b2c8b9b9217d8e61cf2b6c566') in 0.054825 seconds 
